<?xml version="1.0" encoding="UTF-8" standalone="no"?>
<!DOCTYPE log SYSTEM "logger.dtd">
<log>
<record>
  <date>2021-04-02T23:50:00.088-0300</date>
  <logger>DANIEL DANTAS FONSECA</logger>
  <level>FINE</level>
  <message>File 119110342-DANIEL DANTAS FONSECA.zip was received. It was sent by DANIEL DANTAS FONSECA from IP 25.11.14.229 at 02-04-2021 23*50*00</message>
</record>
</log>
<?xml version="1.0" encoding="UTF-8" standalone="no"?>
<!DOCTYPE log SYSTEM "logger.dtd">
<log>
<record>
  <date>2021-04-03T19:05:21.625-0300</date>
  <logger>DANIEL DANTAS FONSECA</logger>
  <level>FINE</level>
  <message>File 119110342-DANIEL DANTAS FONSECA.zip was received. It was sent by DANIEL DANTAS FONSECA from IP 25.11.14.229 at 03-04-2021 19*05*21</message>
</record>
</log>
<?xml version="1.0" encoding="UTF-8" standalone="no"?>
<!DOCTYPE log SYSTEM "logger.dtd">
<log>
<record>
  <date>2021-04-06T19:45:26.606-0300</date>
  <logger>DANIEL DANTAS FONSECA</logger>
  <level>FINE</level>
  <message>File 119110342-DANIEL DANTAS FONSECA.zip was received. It was sent by DANIEL DANTAS FONSECA from IP 25.11.14.229 at 06-04-2021 19*45*26</message>
</record>
